<suite name="Junit Testng Suite">
	<test junit="true" name="Junit test">
		<classes>
			<class name="org.sayem.testng.chapter11.JunitProject.junit.JunitSampleTest" />
		</classes>
	</test>
	<test name="Testng test">
		<classes>
			<class name="org.sayem.testng.chapter11.JunitProject.testng.TestngSampleTest" />
		</classes>
	</test>
</suite>
